<?xml version="1.0" encoding="UTF-8"?>
<!-- Generated by org.testng.reporters.JUnitXMLReporter -->
<testsuite ignored="0" hostname="DESKTOP-5LRN4SK" failures="0" tests="4" name="Default test" time="14.779" errors="0" timestamp="2022-01-08T21:26:48 PST">
  <testcase classname="DemoQA.Tests.SliderTests" name="canSetTo0" time="2.947"/>
  <testcase classname="DemoQA.Tests.SliderTests" name="canSetTo100" time="2.847"/>
  <testcase classname="DemoQA.Tests.SliderTests" name="canSetTo17" time="2.838"/>
  <testcase classname="DemoQA.Tests.SliderTests" name="canSetTo80" time="3.094"/>
</testsuite> <!-- Default test -->
