<?xml version="1.0" encoding="UTF-8"?>
<testng-results ignored="0" total="1" passed="1" failed="0" skipped="0">
  <reporter-output>
  </reporter-output>
  <suite started-at="2022-01-20T03:30:16 PST" name="Default suite" finished-at="2022-01-20T03:30:27 PST" duration-ms="11019">
    <groups>
    </groups>
    <test started-at="2022-01-20T03:30:16 PST" name="Default test" finished-at="2022-01-20T03:30:27 PST" duration-ms="11019">
      <class name="DemoQA.Tests.LinksTest">
        <test-method is-config="true" signature="setup()[pri:0, instance:DemoQA.Tests.LinksTest@120f102b]" started-at="2022-01-20T03:30:16 PST" name="setup" finished-at="2022-01-20T03:30:17 PST" duration-ms="866" status="PASS">
          <reporter-output>
          </reporter-output>
        </test-method> <!-- setup -->
        <test-method signature="canClickHyperlink()[pri:0, instance:DemoQA.Tests.LinksTest@120f102b]" started-at="2022-01-20T03:30:17 PST" name="canClickHyperlink" finished-at="2022-01-20T03:30:27 PST" duration-ms="9957" status="PASS">
          <reporter-output>
          </reporter-output>
        </test-method> <!-- canClickHyperlink -->
        <test-method is-config="true" signature="cleanup()[pri:0, instance:DemoQA.Tests.LinksTest@120f102b]" started-at="2022-01-20T03:30:27 PST" name="cleanup" finished-at="2022-01-20T03:30:27 PST" duration-ms="176" status="PASS">
          <reporter-output>
          </reporter-output>
        </test-method> <!-- cleanup -->
      </class> <!-- DemoQA.Tests.LinksTest -->
    </test> <!-- Default test -->
  </suite> <!-- Default suite -->
</testng-results>
