<?xml version="1.0" encoding="UTF-8"?>
<!-- Generated by org.testng.reporters.JUnitXMLReporter -->
<testsuite ignored="2" hostname="DESKTOP-5LRN4SK" failures="0" tests="1" name="Default test" time="0.024" errors="0" timestamp="2021-12-23T20:14:24 PST">
  <testcase classname="JavaIOTest.NewTest" name="canHydrateObject" time="0.007"/>
  <testcase classname="JavaIOTest.NewTest" name="canReadBasses" time="0.0">
    <ignored/>
  </testcase> <!-- canReadBasses -->
  <testcase classname="JavaIOTest.NewTest" name="canGetBrowserType" time="0.0">
    <ignored/>
  </testcase> <!-- canGetBrowserType -->
</testsuite> <!-- Default test -->
