<?xml version="1.0" encoding="UTF-8"?>
<testng-results ignored="0" total="4" passed="4" failed="0" skipped="0">
  <reporter-output>
  </reporter-output>
  <suite started-at="2022-01-08T21:26:34 PST" name="Default suite" finished-at="2022-01-08T21:26:48 PST" duration-ms="14779">
    <groups>
    </groups>
    <test started-at="2022-01-08T21:26:34 PST" name="Default test" finished-at="2022-01-08T21:26:48 PST" duration-ms="14779">
      <class name="DemoQA.Tests.SliderTests">
        <test-method is-config="true" signature="setup()[pri:0, instance:DemoQA.Tests.SliderTests@c88a337]" started-at="2022-01-08T21:26:34 PST" name="setup" finished-at="2022-01-08T21:26:35 PST" duration-ms="906" status="PASS">
          <reporter-output>
          </reporter-output>
        </test-method> <!-- setup -->
        <test-method signature="canSetTo0()[pri:0, instance:DemoQA.Tests.SliderTests@c88a337]" started-at="2022-01-08T21:26:35 PST" name="canSetTo0" finished-at="2022-01-08T21:26:38 PST" duration-ms="2947" status="PASS">
          <reporter-output>
          </reporter-output>
        </test-method> <!-- canSetTo0 -->
        <test-method is-config="true" signature="cleanup()[pri:0, instance:DemoQA.Tests.SliderTests@c88a337]" started-at="2022-01-08T21:26:38 PST" name="cleanup" finished-at="2022-01-08T21:26:38 PST" duration-ms="75" status="PASS">
          <reporter-output>
          </reporter-output>
        </test-method> <!-- cleanup -->
        <test-method is-config="true" signature="setup()[pri:0, instance:DemoQA.Tests.SliderTests@c88a337]" started-at="2022-01-08T21:26:38 PST" name="setup" finished-at="2022-01-08T21:26:38 PST" duration-ms="568" status="PASS">
          <reporter-output>
          </reporter-output>
        </test-method> <!-- setup -->
        <test-method signature="canSetTo100()[pri:0, instance:DemoQA.Tests.SliderTests@c88a337]" started-at="2022-01-08T21:26:38 PST" name="canSetTo100" finished-at="2022-01-08T21:26:41 PST" duration-ms="2847" status="PASS">
          <reporter-output>
          </reporter-output>
        </test-method> <!-- canSetTo100 -->
        <test-method is-config="true" signature="cleanup()[pri:0, instance:DemoQA.Tests.SliderTests@c88a337]" started-at="2022-01-08T21:26:41 PST" name="cleanup" finished-at="2022-01-08T21:26:41 PST" duration-ms="88" status="PASS">
          <reporter-output>
          </reporter-output>
        </test-method> <!-- cleanup -->
        <test-method is-config="true" signature="setup()[pri:0, instance:DemoQA.Tests.SliderTests@c88a337]" started-at="2022-01-08T21:26:41 PST" name="setup" finished-at="2022-01-08T21:26:42 PST" duration-ms="584" status="PASS">
          <reporter-output>
          </reporter-output>
        </test-method> <!-- setup -->
        <test-method signature="canSetTo17()[pri:0, instance:DemoQA.Tests.SliderTests@c88a337]" started-at="2022-01-08T21:26:42 PST" name="canSetTo17" finished-at="2022-01-08T21:26:45 PST" duration-ms="2838" status="PASS">
          <reporter-output>
          </reporter-output>
        </test-method> <!-- canSetTo17 -->
        <test-method is-config="true" signature="cleanup()[pri:0, instance:DemoQA.Tests.SliderTests@c88a337]" started-at="2022-01-08T21:26:45 PST" name="cleanup" finished-at="2022-01-08T21:26:45 PST" duration-ms="90" status="PASS">
          <reporter-output>
          </reporter-output>
        </test-method> <!-- cleanup -->
        <test-method is-config="true" signature="setup()[pri:0, instance:DemoQA.Tests.SliderTests@c88a337]" started-at="2022-01-08T21:26:45 PST" name="setup" finished-at="2022-01-08T21:26:45 PST" duration-ms="578" status="PASS">
          <reporter-output>
          </reporter-output>
        </test-method> <!-- setup -->
        <test-method signature="canSetTo80()[pri:0, instance:DemoQA.Tests.SliderTests@c88a337]" started-at="2022-01-08T21:26:45 PST" name="canSetTo80" finished-at="2022-01-08T21:26:48 PST" duration-ms="3094" status="PASS">
          <reporter-output>
          </reporter-output>
        </test-method> <!-- canSetTo80 -->
        <test-method is-config="true" signature="cleanup()[pri:0, instance:DemoQA.Tests.SliderTests@c88a337]" started-at="2022-01-08T21:26:48 PST" name="cleanup" finished-at="2022-01-08T21:26:48 PST" duration-ms="136" status="PASS">
          <reporter-output>
          </reporter-output>
        </test-method> <!-- cleanup -->
      </class> <!-- DemoQA.Tests.SliderTests -->
    </test> <!-- Default test -->
  </suite> <!-- Default suite -->
</testng-results>
