<?xml version="1.0" encoding="UTF-8"?>
<testng-results ignored="2" total="3" passed="1" failed="0" skipped="0">
  <reporter-output>
  </reporter-output>
  <suite started-at="2021-12-23T20:14:23 PST" name="Default suite" finished-at="2021-12-23T20:14:24 PST" duration-ms="24">
    <groups>
    </groups>
    <test started-at="2021-12-23T20:14:23 PST" name="Default test" finished-at="2021-12-23T20:14:24 PST" duration-ms="24">
      <class name="JavaIOTest.NewTest">
        <test-method signature="canHydrateObject()[pri:0, instance:JavaIOTest.NewTest@2b6faea6]" started-at="2021-12-23T20:14:24 PST" name="canHydrateObject" finished-at="2021-12-23T20:14:24 PST" duration-ms="7" status="PASS">
          <reporter-output>
          </reporter-output>
        </test-method> <!-- canHydrateObject -->
      </class> <!-- JavaIOTest.NewTest -->
    </test> <!-- Default test -->
  </suite> <!-- Default suite -->
</testng-results>
